<?xml version="1.0" encoding="UTF-8"?>
<testsuite xmlns:xsi="http://www.w3.org/2001/XMLSchema-instance" xsi:noNamespaceSchemaLocation="https://maven.apache.org/surefire/maven-surefire-plugin/xsd/surefire-test-report-3.0.xsd" version="3.0" name="com.web.EventTest" time="6.413" tests="1" errors="0" skipped="0" failures="0">
  <properties>
[...]
</properties>
  <testcase name="test" classname="com.web.EventTest" time="1.068">
    <system-out><![CDATA[18:30:08.194 [main] INFO org.springframework.test.context.support.AnnotationConfigContextLoaderUtils -- Could not detect default configuration classes for test class [com.web.EventTest]: EventTest does not declare any static, non-private, non-final, nested classes annotated with @Configuration.
18:30:08.295 [main] INFO org.springframework.boot.test.context.SpringBootTestContextBootstrapper -- Found @SpringBootConfiguration com.web.MyBdCafeApplication for test class com.web.EventTest
18:30:08.428 [main] INFO org.springframework.boot.devtools.restart.RestartApplicationListener -- Restart disabled due to context in which it is running

  .   ____          _            __ _ _
 /\\ / ___'_ __ _ _(_)_ __  __ _ \ \ \ \
( ( )\___ | '_ | '_| | '_ \/ _` | \ \ \ \
 \\/  ___)| |_)| | | | | || (_| |  ) ) ) )
  '  |____| .__|_| |_|_| |_\__, | / / / /
 =========|_|==============|___/=/_/_/_/
 :: Spring Boot ::                (v3.2.4)

2024-04-06T18:30:08.662+09:00  INFO 19652 --- [           main] com.web.EventTest                        : Starting EventTest using Java 17.0.10 with PID 19652 (started by AH_L in C:\Users\AH_L\Documents\project\MyBDCafe\newWorkspace\MyBdCafe)
2024-04-06T18:30:08.663+09:00  INFO 19652 --- [           main] com.web.EventTest                        : No active profile set, falling back to 1 default profile: "default"
2024-04-06T18:30:09.293+09:00  INFO 19652 --- [           main] .s.d.r.c.RepositoryConfigurationDelegate : Bootstrapping Spring Data JPA repositories in DEFAULT mode.
2024-04-06T18:30:09.348+09:00  INFO 19652 --- [           main] .s.d.r.c.RepositoryConfigurationDelegate : Finished Spring Data repository scanning in 49 ms. Found 6 JPA repository interfaces.
2024-04-06T18:30:09.605+09:00  INFO 19652 --- [           main] ptablePropertiesBeanFactoryPostProcessor : Post-processing PropertySource instances
2024-04-06T18:30:09.606+09:00  INFO 19652 --- [           main] c.u.j.EncryptablePropertySourceConverter : Skipping PropertySource configurationProperties [class org.springframework.boot.context.properties.source.ConfigurationPropertySourcesPropertySource
2024-04-06T18:30:09.607+09:00  INFO 19652 --- [           main] c.u.j.EncryptablePropertySourceConverter : Converting PropertySource test [org.springframework.core.env.MapPropertySource] to EncryptableMapPropertySourceWrapper
2024-04-06T18:30:09.609+09:00  INFO 19652 --- [           main] c.u.j.EncryptablePropertySourceConverter : Converting PropertySource Inlined Test Properties [org.springframework.core.env.MapPropertySource] to EncryptableMapPropertySourceWrapper
2024-04-06T18:30:09.609+09:00  INFO 19652 --- [           main] c.u.j.EncryptablePropertySourceConverter : Skipping PropertySource servletConfigInitParams [class org.springframework.core.env.PropertySource$StubPropertySource
2024-04-06T18:30:09.609+09:00  INFO 19652 --- [           main] c.u.j.EncryptablePropertySourceConverter : Converting PropertySource servletContextInitParams [org.springframework.web.context.support.ServletContextPropertySource] to EncryptableEnumerablePropertySourceWrapper
2024-04-06T18:30:09.609+09:00  INFO 19652 --- [           main] c.u.j.EncryptablePropertySourceConverter : Converting PropertySource systemProperties [org.springframework.core.env.PropertiesPropertySource] to EncryptableMapPropertySourceWrapper
2024-04-06T18:30:09.609+09:00  INFO 19652 --- [           main] c.u.j.EncryptablePropertySourceConverter : Converting PropertySource systemEnvironment [org.springframework.boot.env.SystemEnvironmentPropertySourceEnvironmentPostProcessor$OriginAwareSystemEnvironmentPropertySource] to EncryptableSystemEnvironmentPropertySourceWrapper
2024-04-06T18:30:09.609+09:00  INFO 19652 --- [           main] c.u.j.EncryptablePropertySourceConverter : Converting PropertySource random [org.springframework.boot.env.RandomValuePropertySource] to EncryptablePropertySourceWrapper
2024-04-06T18:30:09.609+09:00  INFO 19652 --- [           main] c.u.j.EncryptablePropertySourceConverter : Converting PropertySource Config resource 'class path resource [application.yaml]' via location 'optional:classpath:/' [org.springframework.boot.env.OriginTrackedMapPropertySource] to EncryptableMapPropertySourceWrapper
2024-04-06T18:30:09.709+09:00  INFO 19652 --- [           main] c.u.j.filter.DefaultLazyPropertyFilter   : Property Filter custom Bean not found with name 'encryptablePropertyFilter'. Initializing Default Property Filter
2024-04-06T18:30:09.720+09:00  INFO 19652 --- [           main] c.u.j.r.DefaultLazyPropertyResolver      : Property Resolver custom Bean not found with name 'encryptablePropertyResolver'. Initializing Default Property Resolver
2024-04-06T18:30:09.723+09:00  INFO 19652 --- [           main] c.u.j.d.DefaultLazyPropertyDetector      : Property Detector custom Bean not found with name 'encryptablePropertyDetector'. Initializing Default Property Detector
2024-04-06T18:30:09.893+09:00  INFO 19652 --- [           main] o.hibernate.jpa.internal.util.LogHelper  : HHH000204: Processing PersistenceUnitInfo [name: default]
2024-04-06T18:30:09.949+09:00  INFO 19652 --- [           main] org.hibernate.Version                    : HHH000412: Hibernate ORM core version 6.4.4.Final
2024-04-06T18:30:09.979+09:00  INFO 19652 --- [           main] o.h.c.internal.RegionFactoryInitiator    : HHH000026: Second-level cache disabled
2024-04-06T18:30:10.206+09:00  INFO 19652 --- [           main] o.s.o.j.p.SpringPersistenceUnitInfo      : No LoadTimeWeaver setup: ignoring JPA class transformer
2024-04-06T18:30:10.235+09:00  INFO 19652 --- [           main] com.zaxxer.hikari.HikariDataSource       : HikariPool-1 - Starting...
2024-04-06T18:30:10.642+09:00  INFO 19652 --- [           main] com.zaxxer.hikari.pool.HikariPool        : HikariPool-1 - Added connection com.mysql.cj.jdbc.ConnectionImpl@29aa4bc9
2024-04-06T18:30:10.645+09:00  INFO 19652 --- [           main] com.zaxxer.hikari.HikariDataSource       : HikariPool-1 - Start completed.
2024-04-06T18:30:10.690+09:00  WARN 19652 --- [           main] org.hibernate.orm.deprecation            : HHH90000025: MySQL8Dialect does not need to be specified explicitly using 'hibernate.dialect' (remove the property setting and it will be selected by default)
2024-04-06T18:30:10.690+09:00  WARN 19652 --- [           main] org.hibernate.orm.deprecation            : HHH90000026: MySQL8Dialect has been deprecated; use org.hibernate.dialect.MySQLDialect instead
2024-04-06T18:30:11.475+09:00  INFO 19652 --- [           main] o.h.e.t.j.p.i.JtaPlatformInitiator       : HHH000489: No JTA platform available (set 'hibernate.transaction.jta.platform' to enable JTA platform integration)
2024-04-06T18:30:11.670+09:00  INFO 19652 --- [           main] j.LocalContainerEntityManagerFactoryBean : Initialized JPA EntityManagerFactory for persistence unit 'default'
2024-04-06T18:30:12.209+09:00  WARN 19652 --- [           main] JpaBaseConfiguration$JpaWebConfiguration : spring.jpa.open-in-view is enabled by default. Therefore, database queries may be performed during view rendering. Explicitly configure spring.jpa.open-in-view to disable this warning
2024-04-06T18:30:12.820+09:00  INFO 19652 --- [           main] o.s.s.web.DefaultSecurityFilterChain     : Will secure any request with [org.springframework.security.web.session.DisableEncodeUrlFilter@7a791e8b, org.springframework.security.web.context.request.async.WebAsyncManagerIntegrationFilter@6c4a1980, org.springframework.security.web.context.SecurityContextHolderFilter@b22bebc, org.springframework.security.web.header.HeaderWriterFilter@64f1e9f8, org.springframework.web.filter.CorsFilter@2125086c, org.springframework.security.web.authentication.logout.LogoutFilter@6b6d8671, org.springframework.security.web.savedrequest.RequestCacheAwareFilter@24c7b944, org.springframework.security.web.servletapi.SecurityContextHolderAwareRequestFilter@4a4352b4, org.springframework.security.web.authentication.AnonymousAuthenticationFilter@65c634f2, org.springframework.security.web.access.ExceptionTranslationFilter@56c39949, org.springframework.security.web.access.intercept.AuthorizationFilter@650e6569]
2024-04-06T18:30:13.353+09:00  INFO 19652 --- [           main] com.web.EventTest                        : Started EventTest in 4.936 seconds (process running for 5.657)
null
null
Hibernate: 
    select
        ce1_0.event_id,
        ce1_0.charactor_id,
        ce1_0.create_by,
        ce1_0.create_date,
        ce1_0.end_date,
        ce1_0.event_name,
        ce1_0.event_url,
        ce1_0.location_id,
        ce1_0.memo,
        ce1_0.modify_by,
        ce1_0.modify_date,
        ce1_0.start_date 
    from
        cafe_event ce1_0 
    left join
        charactor c1_0 
            on c1_0.charactor_id=ce1_0.charactor_id 
    left join
        c_group g1_0 
            on g1_0.c_group_id=c1_0.group_id 
    where
        lower(g1_0.group_name) like ? escape '!' 
    limit
        ?, ?
Hibernate: 
    select
        c1_0.charactor_id,
        c1_0.charactor_name,
        g1_0.c_group_id,
        g1_0.group_name 
    from
        charactor c1_0 
    left join
        c_group g1_0 
            on g1_0.c_group_id=c1_0.group_id 
    where
        c1_0.charactor_id=?
Hibernate: 
    select
        count(ce1_0.event_id) 
    from
        cafe_event ce1_0 
    left join
        charactor c1_0 
            on c1_0.charactor_id=ce1_0.charactor_id 
    left join
        c_group g1_0 
            on g1_0.c_group_id=c1_0.group_id 
    where
        lower(g1_0.group_name) like ? escape '!'
Hibernate: 
    select
        l1_0.location_id,
        l1_0.latitude,
        l1_0.longitude 
    from
        event_location l1_0 
    where
        l1_0.location_id in (?, ?, ?, ?, ?, ?, ?, ?, ?, ?, ?, ?, ?, ?, ?, ?, ?, ?, ?, ?, ?, ?, ?, ?, ?, ?, ?, ?, ?, ?, ?, ?, ?, ?, ?, ?, ?, ?, ?, ?, ?, ?, ?, ?, ?, ?, ?, ?, ?, ?, ?, ?, ?, ?, ?, ?, ?, ?, ?, ?, ?, ?, ?, ?, ?, ?, ?, ?, ?, ?, ?, ?, ?, ?, ?, ?, ?, ?, ?, ?, ?, ?, ?, ?, ?, ?, ?, ?, ?, ?, ?, ?, ?, ?, ?, ?, ?, ?, ?, ?)
Hibernate: 
    select
        ce1_0.event_id,
        c1_0.charactor_id,
        c1_0.charactor_name,
        g1_0.c_group_id,
        g1_0.group_name,
        ce1_0.create_by,
        ce1_0.create_date,
        ce1_0.end_date,
        ce1_0.event_name,
        ce1_0.event_url,
        ce1_0.location_id,
        ce1_0.memo,
        ce1_0.modify_by,
        ce1_0.modify_date,
        ce1_0.start_date 
    from
        cafe_event ce1_0 
    left join
        charactor c1_0 
            on c1_0.charactor_id=ce1_0.charactor_id 
    left join
        c_group g1_0 
            on g1_0.c_group_id=c1_0.group_id 
    where
        ce1_0.location_id=?
Hibernate: 
    select
        ce1_0.event_id,
        c1_0.charactor_id,
        c1_0.charactor_name,
        g1_0.c_group_id,
        g1_0.group_name,
        ce1_0.create_by,
        ce1_0.create_date,
        ce1_0.end_date,
        ce1_0.event_name,
        ce1_0.event_url,
        ce1_0.location_id,
        ce1_0.memo,
        ce1_0.modify_by,
        ce1_0.modify_date,
        ce1_0.start_date 
    from
        cafe_event ce1_0 
    left join
        charactor c1_0 
            on c1_0.charactor_id=ce1_0.charactor_id 
    left join
        c_group g1_0 
            on g1_0.c_group_id=c1_0.group_id 
    where
        ce1_0.location_id=?
Hibernate: 
    select
        ce1_0.event_id,
        c1_0.charactor_id,
        c1_0.charactor_name,
        g1_0.c_group_id,
        g1_0.group_name,
        ce1_0.create_by,
        ce1_0.create_date,
        ce1_0.end_date,
        ce1_0.event_name,
        ce1_0.event_url,
        ce1_0.location_id,
        ce1_0.memo,
        ce1_0.modify_by,
        ce1_0.modify_date,
        ce1_0.start_date 
    from
        cafe_event ce1_0 
    left join
        charactor c1_0 
            on c1_0.charactor_id=ce1_0.charactor_id 
    left join
        c_group g1_0 
            on g1_0.c_group_id=c1_0.group_id 
    where
        ce1_0.location_id=?
Hibernate: 
    select
        ce1_0.event_id,
        c1_0.charactor_id,
        c1_0.charactor_name,
        g1_0.c_group_id,
        g1_0.group_name,
        ce1_0.create_by,
        ce1_0.create_date,
        ce1_0.end_date,
        ce1_0.event_name,
        ce1_0.event_url,
        ce1_0.location_id,
        ce1_0.memo,
        ce1_0.modify_by,
        ce1_0.modify_date,
        ce1_0.start_date 
    from
        cafe_event ce1_0 
    left join
        charactor c1_0 
            on c1_0.charactor_id=ce1_0.charactor_id 
    left join
        c_group g1_0 
            on g1_0.c_group_id=c1_0.group_id 
    where
        ce1_0.location_id=?
Hibernate: 
    select
        bh1_0.event_id,
        bh1_0.business_hours_id,
        bh1_0.day,
        bh1_0.close_time,
        bh1_0.open_time 
    from
        business_hours bh1_0 
    where
        bh1_0.event_id in (?, ?, ?, ?, ?, ?, ?, ?, ?, ?, ?, ?, ?, ?, ?, ?, ?, ?, ?, ?, ?, ?, ?, ?, ?, ?, ?, ?, ?, ?, ?, ?, ?, ?, ?, ?, ?, ?, ?, ?, ?, ?, ?, ?, ?, ?, ?, ?, ?, ?, ?, ?, ?, ?, ?, ?, ?, ?, ?, ?, ?, ?, ?, ?, ?, ?, ?, ?, ?, ?, ?, ?, ?, ?, ?, ?, ?, ?, ?, ?, ?, ?, ?, ?, ?, ?, ?, ?, ?, ?, ?, ?, ?, ?, ?, ?, ?, ?, ?, ?)
EventPageDto(content=[EventDto(eventId=4, eventName=테스트, mainCharacter=테스트 이름, genre=테스트장르, startDate=2024-04-01, endDate=2024-04-03, location=LocationDto(latitude=테스트위도, longitude=테스트경도), businessHours=[], eventUrl=testUrl, memo=메모), EventDto(eventId=5, eventName=테스트2, mainCharacter=테스트 이름, genre=테스트장르, startDate=2024-04-01, endDate=2024-04-03, location=LocationDto(latitude=테스트위도, longitude=테스트경도), businessHours=[], eventUrl=testUrl, memo=메모), EventDto(eventId=6, eventName=테스트2, mainCharacter=테스트 이름, genre=테스트장르, startDate=2024-04-01, endDate=2024-04-03, location=LocationDto(latitude=테스트위도, longitude=테스트경도), businessHours=[], eventUrl=testUrl, memo=메모), EventDto(eventId=7, eventName=테스트2, mainCharacter=테스트 이름, genre=테스트장르, startDate=2024-04-01, endDate=2024-04-03, location=LocationDto(latitude=테스트위도, longitude=테스트경도), businessHours=[HoursDto(day=2024-04-01, openTime=10:00, closeTime=18:00), HoursDto(day=2024-04-02, openTime=10:00, closeTime=18:00), HoursDto(day=2024-04-03, openTime=10:00, closeTime=18:00)], eventUrl=testUrl, memo=메모)], count=4, size=10, page=0)
]]></system-out>
  </testcase>
</testsuite>